<?xml version="1.0" encoding="UTF-8"?>
<testsuite name="tests.Tests" tests="1" skipped="0" failures="0" errors="0" timestamp="2023-07-26T20:31:34" hostname="LAPTOP-2TKB2T3D" time="12.636">
  <properties/>
  <testcase name="Filling out form with valid data" classname="tests.Tests" time="12.636"/>
  <system-out><![CDATA[]]></system-out>
  <system-err><![CDATA[[Test worker] INFO com.codeborne.selenide.impl.WebDriverThreadLocalContainer - No webdriver is bound to current thread: 1 - let's create a new webdriver
[Test worker] INFO com.codeborne.selenide.webdriver.WebDriverFactory - BrowserName=chrome Version=108.0.5359.94 Platform=LINUX
[Test worker] INFO com.codeborne.selenide.webdriver.WebDriverFactory - Selenide v. 6.12.4
[Test worker] INFO com.codeborne.selenide.webdriver.WebDriverFactory - Selenium WebDriver v. 4.8.1 build revision: 8ebccac989
[Test worker] INFO com.codeborne.selenide.drivercommands.CreateDriverCommand - Created webdriver in thread 1: RemoteWebDriver -> RemoteWebDriver: chrome on LINUX (8d078cbae180bdacb10bd031e76a42e8)
[Test worker] INFO com.codeborne.selenide.drivercommands.DisposablesRegistry - Register WebDriverInstance[config=StaticConfig,webDriver=RemoteWebDriver: chrome on LINUX (8d078cbae180bdacb10bd031e76a42e8),proxy=null,downloadsFolder=null] in 1 [size=1]
[Test worker] INFO com.codeborne.selenide.drivercommands.DisposablesRegistry - Add shutdown hook in 1 [size=1]
]]></system-err>
</testsuite>
